<?xml version="1.0" encoding="UTF-8"?>
<!-- Generated by org.testng.reporters.JUnitXMLReporter -->
<testsuite hostname="LAPTOP-7N50JD64" name="Default test" tests="8" failures="0" timestamp="26 Apr 2022 15:21:45 GMT" time="0.712" errors="0">
  <testcase name="loginTest" time="0.016" classname="com.excel.ReadExcel2"/>
  <testcase name="loginTest" time="0.002" classname="com.excel.ReadExcel2"/>
  <testcase name="loginTest" time="0.004" classname="com.excel.ReadExcel2"/>
  <testcase name="loginTest" time="0.003" classname="com.excel.ReadExcel2"/>
  <testcase name="loginTest" time="0.002" classname="com.excel.ReadExcel2"/>
  <testcase name="loginTest" time="0.002" classname="com.excel.ReadExcel2"/>
  <testcase name="loginTest" time="0.001" classname="com.excel.ReadExcel2"/>
  <testcase name="loginTest" time="0.001" classname="com.excel.ReadExcel2"/>
</testsuite> <!-- Default test -->
