<?xml version="1.0" encoding="UTF-8"?>
<!-- Generated by org.testng.reporters.JUnitXMLReporter -->
<testsuite hostname="LAPTOP-7N50JD64" name="Test1" tests="4" failures="0" timestamp="22 Apr 2022 16:06:54 GMT" time="0.144" errors="0">
  <testcase name="m1" time="0.009" classname="com.test.Test4"/>
  <testcase name="m2" time="0.012" classname="com.test.Test5"/>
  <testcase name="amazonLoginTest" time="0.019" classname="com.test.Test6"/>
  <testcase name="facebookLoginTest" time="0.004" classname="com.test.Test6"/>
</testsuite> <!-- Test1 -->
